130502 15:41:21 InnoDB: The InnoDB memory heap is disabled
130502 15:41:21 InnoDB: Mutexes and rw_locks use Windows interlocked functions
130502 15:41:21 InnoDB: Compressed tables use zlib 1.2.3
130502 15:41:21 InnoDB: Initializing buffer pool, size = 128.0M
130502 15:41:21 InnoDB: Completed initialization of buffer pool
130502 15:41:21 InnoDB: highest supported file format is Barracuda.
130502 15:41:21  InnoDB: Waiting for the background threads to start
130502 15:41:22 Percona XtraDB (http://www.percona.com) 1.1.8-26.0 started; log sequence number 1597938
130502 15:41:22 [Note] Plugin 'FEEDBACK' is disabled.
130502 15:41:22 [Note] Event Scheduler: Loaded 0 events
130502 15:41:22 [Note] C:\Users\hgs49951108\Downloads\XBRL\TWAMPd\ap\db\mysqld.exe: ready for connections.
Version: '5.5.25-MariaDB'  socket: ''  port: 3306  mariadb.org binary distribution
130503 19:09:48 InnoDB: The InnoDB memory heap is disabled
130503 19:09:48 InnoDB: Mutexes and rw_locks use Windows interlocked functions
130503 19:09:48 InnoDB: Compressed tables use zlib 1.2.3
130503 19:09:48 InnoDB: Initializing buffer pool, size = 128.0M
130503 19:09:48 InnoDB: Completed initialization of buffer pool
130503 19:09:48 InnoDB: highest supported file format is Barracuda.
130503 19:09:49  InnoDB: Waiting for the background threads to start
130503 19:09:50 Percona XtraDB (http://www.percona.com) 1.1.8-26.0 started; log sequence number 1597938
130503 19:09:50 [Note] Plugin 'FEEDBACK' is disabled.
130503 19:09:51 [Note] Event Scheduler: Loaded 0 events
130503 19:09:51 [Note] C:\Users\hgs49951108\Downloads\XBRL\TWAMPd\ap\db\mysqld.exe: ready for connections.
Version: '5.5.25-MariaDB'  socket: ''  port: 3306  mariadb.org binary distribution
130503 20:52:24 [Note] C:\Users\hgs49951108\Downloads\XBRL\TWAMPd\ap\db\mysqld.exe: Normal shutdown

130503 20:52:24 [Note] Event Scheduler: Purging the queue. 0 events
130503 20:52:24  InnoDB: Starting shutdown...
130503 20:52:25  InnoDB: Shutdown completed; log sequence number 1597938
130503 20:52:25 [Note] C:\Users\hgs49951108\Downloads\XBRL\TWAMPd\ap\db\mysqld.exe: Shutdown complete

130506 12:02:02 InnoDB: The InnoDB memory heap is disabled
130506 12:02:02 InnoDB: Mutexes and rw_locks use Windows interlocked functions
130506 12:02:02 InnoDB: Compressed tables use zlib 1.2.3
130506 12:02:02 InnoDB: Initializing buffer pool, size = 128.0M
130506 12:02:02 InnoDB: Completed initialization of buffer pool
130506 12:02:02 InnoDB: highest supported file format is Barracuda.
130506 12:02:02  InnoDB: Waiting for the background threads to start
130506 12:02:03 Percona XtraDB (http://www.percona.com) 1.1.8-26.0 started; log sequence number 1597938
130506 12:02:03 [Note] Plugin 'FEEDBACK' is disabled.
130506 12:02:04 [Note] Event Scheduler: Loaded 0 events
130506 12:02:04 [Note] C:\Users\hgs49951108\Downloads\XBRL\TWAMPd\ap\db\mysqld.exe: ready for connections.
Version: '5.5.25-MariaDB'  socket: ''  port: 3306  mariadb.org binary distribution
130508 23:00:52 [Note] C:\Users\hgs49951108\Downloads\XBRL\TWAMPd\ap\db\mysqld.exe: Normal shutdown

130508 23:00:53 [Note] Event Scheduler: Purging the queue. 0 events
130508 23:00:54  InnoDB: Starting shutdown...
130508 23:00:56  InnoDB: Shutdown completed; log sequence number 1597938
130508 23:00:57 [Note] C:\Users\hgs49951108\Downloads\XBRL\TWAMPd\ap\db\mysqld.exe: Shutdown complete

130604 11:18:41 InnoDB: The InnoDB memory heap is disabled
130604 11:18:41 InnoDB: Mutexes and rw_locks use Windows interlocked functions
130604 11:18:41 InnoDB: Compressed tables use zlib 1.2.3
130604 11:18:41 InnoDB: Initializing buffer pool, size = 128.0M
130604 11:18:42 InnoDB: Completed initialization of buffer pool
130604 11:18:42 InnoDB: highest supported file format is Barracuda.
130604 11:18:42  InnoDB: Waiting for the background threads to start
130604 11:18:43 Percona XtraDB (http://www.percona.com) 1.1.8-26.0 started; log sequence number 1597938
130604 11:18:43 [Note] Plugin 'FEEDBACK' is disabled.
130604 11:18:43 [Note] Event Scheduler: Loaded 0 events
130604 11:18:43 [Note] C:\Users\hgs49951108\Downloads\XBRL\TWAMPd\ap\db\mysqld.exe: ready for connections.
Version: '5.5.25-MariaDB'  socket: ''  port: 3306  mariadb.org binary distribution
130621 17:13:51 InnoDB: The InnoDB memory heap is disabled
130621 17:13:51 InnoDB: Mutexes and rw_locks use Windows interlocked functions
130621 17:13:51 InnoDB: Compressed tables use zlib 1.2.3
130621 17:13:51 InnoDB: Initializing buffer pool, size = 128.0M
130621 17:13:51 InnoDB: Completed initialization of buffer pool
130621 17:13:52 InnoDB: highest supported file format is Barracuda.
130621 17:13:52  InnoDB: Waiting for the background threads to start
130621 17:13:53 Percona XtraDB (http://www.percona.com) 1.1.8-26.0 started; log sequence number 1597938
130621 17:13:53 [Note] Plugin 'FEEDBACK' is disabled.
130621 17:13:54 [Note] Event Scheduler: Loaded 0 events
130621 17:13:54 [Note] F:\XBRL\XBRL\TWAMPd\ap\db\mysqld.exe: ready for connections.
Version: '5.5.25-MariaDB'  socket: ''  port: 3306  mariadb.org binary distribution
130621 18:13:39 [Note] F:\XBRL\XBRL\TWAMPd\ap\db\mysqld.exe: Normal shutdown

130621 18:13:39 [Note] Event Scheduler: Purging the queue. 0 events
130621 18:13:39  InnoDB: Starting shutdown...
130621 18:13:40  InnoDB: Shutdown completed; log sequence number 1597938
130621 18:13:40 [Note] F:\XBRL\XBRL\TWAMPd\ap\db\mysqld.exe: Shutdown complete

