130329 17:51:24 InnoDB: The InnoDB memory heap is disabled
130329 17:51:24 InnoDB: Mutexes and rw_locks use Windows interlocked functions
130329 17:51:24 InnoDB: Compressed tables use zlib 1.2.3
130329 17:51:24 InnoDB: Initializing buffer pool, size = 128.0M
130329 17:51:24 InnoDB: Completed initialization of buffer pool
130329 17:51:25 InnoDB: highest supported file format is Barracuda.
130329 17:51:25  InnoDB: Waiting for the background threads to start
130329 17:51:26 Percona XtraDB (http://www.percona.com) 1.1.8-26.0 started; log sequence number 1597938
130329 17:51:26 [Note] Plugin 'FEEDBACK' is disabled.
130329 17:51:26 [Note] Event Scheduler: Loaded 0 events
130329 17:51:26 [Note] C:\Users\joyce\Downloads\Android\workspace\XBRL\TWAMPd\ap\db\mysqld.exe: ready for connections.
Version: '5.5.25-MariaDB'  socket: ''  port: 3306  mariadb.org binary distribution
130329 20:32:48 [Note] C:\Users\joyce\Downloads\Android\workspace\XBRL\TWAMPd\ap\db\mysqld.exe: Normal shutdown

130329 20:32:48 [Note] Event Scheduler: Purging the queue. 0 events
130329 20:32:48  InnoDB: Starting shutdown...
130329 20:32:48  InnoDB: Shutdown completed; log sequence number 1597938
130329 20:32:48 [Note] C:\Users\joyce\Downloads\Android\workspace\XBRL\TWAMPd\ap\db\mysqld.exe: Shutdown complete

130329 23:14:00 InnoDB: The InnoDB memory heap is disabled
130329 23:14:00 InnoDB: Mutexes and rw_locks use Windows interlocked functions
130329 23:14:00 InnoDB: Compressed tables use zlib 1.2.3
130329 23:14:00 InnoDB: Initializing buffer pool, size = 128.0M
130329 23:14:00 InnoDB: Completed initialization of buffer pool
130329 23:14:00 InnoDB: highest supported file format is Barracuda.
130329 23:14:01  InnoDB: Waiting for the background threads to start
130329 23:14:02 Percona XtraDB (http://www.percona.com) 1.1.8-26.0 started; log sequence number 1597938
130329 23:14:02 [Note] Plugin 'FEEDBACK' is disabled.
130329 23:14:02 [Note] Event Scheduler: Loaded 0 events
130329 23:14:02 [Note] C:\Users\joyce\Downloads\Android\workspace\XBRL\TWAMPd\ap\db\mysqld.exe: ready for connections.
Version: '5.5.25-MariaDB'  socket: ''  port: 3306  mariadb.org binary distribution
130330  0:20:31 [Note] C:\Users\joyce\Downloads\Android\workspace\XBRL\TWAMPd\ap\db\mysqld.exe: Normal shutdown

130330  0:20:31 [Note] Event Scheduler: Purging the queue. 0 events
130330  0:20:31  InnoDB: Starting shutdown...
130330  0:20:31  InnoDB: Shutdown completed; log sequence number 1597938
130330  0:20:31 [Note] C:\Users\joyce\Downloads\Android\workspace\XBRL\TWAMPd\ap\db\mysqld.exe: Shutdown complete

130330 22:57:27 InnoDB: The InnoDB memory heap is disabled
130330 22:57:27 InnoDB: Mutexes and rw_locks use Windows interlocked functions
130330 22:57:27 InnoDB: Compressed tables use zlib 1.2.3
130330 22:57:27 InnoDB: Initializing buffer pool, size = 128.0M
130330 22:57:28 InnoDB: Completed initialization of buffer pool
130330 22:57:28 InnoDB: highest supported file format is Barracuda.
130330 22:57:28  InnoDB: Waiting for the background threads to start
130330 22:57:29 Percona XtraDB (http://www.percona.com) 1.1.8-26.0 started; log sequence number 1597938
130330 22:57:29 [Note] Plugin 'FEEDBACK' is disabled.
130330 22:57:29 [Note] Event Scheduler: Loaded 0 events
130330 22:57:29 [Note] C:\Users\joyce\Downloads\Android\workspace\XBRL\TWAMPd\ap\db\mysqld.exe: ready for connections.
Version: '5.5.25-MariaDB'  socket: ''  port: 3306  mariadb.org binary distribution
130331 11:46:24 InnoDB: The InnoDB memory heap is disabled
130331 11:46:24 InnoDB: Mutexes and rw_locks use Windows interlocked functions
130331 11:46:24 InnoDB: Compressed tables use zlib 1.2.3
130331 11:46:24 InnoDB: Initializing buffer pool, size = 128.0M
130331 11:46:24 InnoDB: Completed initialization of buffer pool
130331 11:46:25 InnoDB: highest supported file format is Barracuda.
130331 11:46:25  InnoDB: Waiting for the background threads to start
130331 11:46:26 Percona XtraDB (http://www.percona.com) 1.1.8-26.0 started; log sequence number 1597938
130331 11:46:26 [Note] Plugin 'FEEDBACK' is disabled.
130331 11:46:26 [Note] Event Scheduler: Loaded 0 events
130331 11:46:26 [Note] C:\Users\joyce\Downloads\Android\workspace\XBRL\TWAMPd\ap\db\mysqld.exe: ready for connections.
Version: '5.5.25-MariaDB'  socket: ''  port: 3306  mariadb.org binary distribution
130331 15:23:55 [Note] C:\Users\joyce\Downloads\Android\workspace\XBRL\TWAMPd\ap\db\mysqld.exe: Normal shutdown

130331 15:23:55 [Note] Event Scheduler: Purging the queue. 0 events
130331 15:23:55  InnoDB: Starting shutdown...
130331 15:23:56  InnoDB: Shutdown completed; log sequence number 1597938
130331 15:23:56 [Note] C:\Users\joyce\Downloads\Android\workspace\XBRL\TWAMPd\ap\db\mysqld.exe: Shutdown complete

130331 15:29:25 InnoDB: The InnoDB memory heap is disabled
130331 15:29:25 InnoDB: Mutexes and rw_locks use Windows interlocked functions
130331 15:29:25 InnoDB: Compressed tables use zlib 1.2.3
130331 15:29:25 InnoDB: Initializing buffer pool, size = 128.0M
130331 15:29:25 InnoDB: Completed initialization of buffer pool
130331 15:29:25 InnoDB: highest supported file format is Barracuda.
130331 15:29:26  InnoDB: Waiting for the background threads to start
130331 15:29:27 Percona XtraDB (http://www.percona.com) 1.1.8-26.0 started; log sequence number 1597938
130331 15:29:27 [Note] Plugin 'FEEDBACK' is disabled.
130331 15:29:28 [Note] Event Scheduler: Loaded 0 events
130331 15:29:28 [Note] C:\Users\joyce\Downloads\Android\workspace\XBRL\TWAMPd\ap\db\mysqld.exe: ready for connections.
Version: '5.5.25-MariaDB'  socket: ''  port: 3306  mariadb.org binary distribution
130403 15:16:17 InnoDB: The InnoDB memory heap is disabled
130403 15:16:17 InnoDB: Mutexes and rw_locks use Windows interlocked functions
130403 15:16:17 InnoDB: Compressed tables use zlib 1.2.3
130403 15:16:17 InnoDB: Initializing buffer pool, size = 128.0M
130403 15:16:17 InnoDB: Completed initialization of buffer pool
130403 15:16:17 InnoDB: highest supported file format is Barracuda.
130403 15:16:17  InnoDB: Waiting for the background threads to start
130403 15:16:18 Percona XtraDB (http://www.percona.com) 1.1.8-26.0 started; log sequence number 1597938
130403 15:16:18 [Note] Plugin 'FEEDBACK' is disabled.
130403 15:16:18 [Note] Event Scheduler: Loaded 0 events
130403 15:16:18 [Note] C:\Users\joyce\Downloads\Android\workspace\XBRL\TWAMPd\ap\db\mysqld.exe: ready for connections.
Version: '5.5.25-MariaDB'  socket: ''  port: 3306  mariadb.org binary distribution
130408 14:44:28 InnoDB: The InnoDB memory heap is disabled
130408 14:44:28 InnoDB: Mutexes and rw_locks use Windows interlocked functions
130408 14:44:28 InnoDB: Compressed tables use zlib 1.2.3
130408 14:44:28 InnoDB: Initializing buffer pool, size = 128.0M
130408 14:44:28 InnoDB: Completed initialization of buffer pool
130408 14:44:28 InnoDB: highest supported file format is Barracuda.
130408 14:44:28  InnoDB: Waiting for the background threads to start
130408 14:44:29 Percona XtraDB (http://www.percona.com) 1.1.8-26.0 started; log sequence number 1597938
130408 14:44:29 [Note] Plugin 'FEEDBACK' is disabled.
130408 14:44:29 [Note] Event Scheduler: Loaded 0 events
130408 14:44:29 [Note] C:\Users\joyce\Downloads\Android\workspace\XBRL\TWAMPd\ap\db\mysqld.exe: ready for connections.
Version: '5.5.25-MariaDB'  socket: ''  port: 3306  mariadb.org binary distribution
130411 16:25:19 InnoDB: The InnoDB memory heap is disabled
130411 16:25:19 InnoDB: Mutexes and rw_locks use Windows interlocked functions
130411 16:25:19 InnoDB: Compressed tables use zlib 1.2.3
130411 16:25:19 InnoDB: Initializing buffer pool, size = 128.0M
130411 16:25:19 InnoDB: Completed initialization of buffer pool
130411 16:25:19 InnoDB: highest supported file format is Barracuda.
130411 16:25:19  InnoDB: Waiting for the background threads to start
130411 16:25:20 Percona XtraDB (http://www.percona.com) 1.1.8-26.0 started; log sequence number 1597938
130411 16:25:20 [Note] Plugin 'FEEDBACK' is disabled.
130411 16:25:20 [Note] Event Scheduler: Loaded 0 events
130411 16:25:20 [Note] C:\Users\joyce\Downloads\Android\workspace\XBRL\TWAMPd\ap\db\mysqld.exe: ready for connections.
Version: '5.5.25-MariaDB'  socket: ''  port: 3306  mariadb.org binary distribution
130411 16:26:38 [Note] C:\Users\joyce\Downloads\Android\workspace\XBRL\TWAMPd\ap\db\mysqld.exe: Normal shutdown

130411 16:26:38 [Note] Event Scheduler: Purging the queue. 0 events
130411 16:26:38  InnoDB: Starting shutdown...
130411 16:26:39  InnoDB: Shutdown completed; log sequence number 1597938
130411 16:26:39 [Note] C:\Users\joyce\Downloads\Android\workspace\XBRL\TWAMPd\ap\db\mysqld.exe: Shutdown complete

130411 16:26:39 InnoDB: The InnoDB memory heap is disabled
130411 16:26:39 InnoDB: Mutexes and rw_locks use Windows interlocked functions
130411 16:26:39 InnoDB: Compressed tables use zlib 1.2.3
130411 16:26:39 InnoDB: Initializing buffer pool, size = 128.0M
130411 16:26:39 InnoDB: Completed initialization of buffer pool
130411 16:26:39 InnoDB: highest supported file format is Barracuda.
130411 16:26:39  InnoDB: Waiting for the background threads to start
130411 16:26:40 Percona XtraDB (http://www.percona.com) 1.1.8-26.0 started; log sequence number 1597938
130411 16:26:40 [Note] Plugin 'FEEDBACK' is disabled.
130411 16:26:40 [Note] Event Scheduler: Loaded 0 events
130411 16:26:40 [Note] C:\Users\joyce\Downloads\Android\workspace\XBRL\TWAMPd\ap\db\mysqld.exe: ready for connections.
Version: '5.5.25-MariaDB'  socket: ''  port: 3306  mariadb.org binary distribution
130411 16:26:43 [Note] C:\Users\joyce\Downloads\Android\workspace\XBRL\TWAMPd\ap\db\mysqld.exe: Normal shutdown

130411 16:26:43 [Note] Event Scheduler: Purging the queue. 0 events
130411 16:26:43  InnoDB: Starting shutdown...
130411 16:26:44  InnoDB: Shutdown completed; log sequence number 1597938
130411 16:26:44 [Note] C:\Users\joyce\Downloads\Android\workspace\XBRL\TWAMPd\ap\db\mysqld.exe: Shutdown complete

130411 16:26:52 InnoDB: The InnoDB memory heap is disabled
130411 16:26:52 InnoDB: Mutexes and rw_locks use Windows interlocked functions
130411 16:26:52 InnoDB: Compressed tables use zlib 1.2.3
130411 16:26:52 InnoDB: Initializing buffer pool, size = 128.0M
130411 16:26:52 InnoDB: Completed initialization of buffer pool
130411 16:26:52 InnoDB: highest supported file format is Barracuda.
130411 16:26:52  InnoDB: Waiting for the background threads to start
130411 16:26:53 Percona XtraDB (http://www.percona.com) 1.1.8-26.0 started; log sequence number 1597938
130411 16:26:53 [Note] Plugin 'FEEDBACK' is disabled.
130411 16:26:54 [Note] Event Scheduler: Loaded 0 events
130411 16:26:54 [Note] C:\Users\joyce\Downloads\Android\workspace\XBRL\TWAMPd\ap\db\mysqld.exe: ready for connections.
Version: '5.5.25-MariaDB'  socket: ''  port: 3306  mariadb.org binary distribution
130411 16:28:02 [Note] C:\Users\joyce\Downloads\Android\workspace\XBRL\TWAMPd\ap\db\mysqld.exe: Normal shutdown

130411 16:28:02 [Note] Event Scheduler: Purging the queue. 0 events
130411 16:28:02  InnoDB: Starting shutdown...
130411 16:28:03  InnoDB: Shutdown completed; log sequence number 1597938
130411 16:28:03 [Note] C:\Users\joyce\Downloads\Android\workspace\XBRL\TWAMPd\ap\db\mysqld.exe: Shutdown complete

130411 16:28:10 InnoDB: The InnoDB memory heap is disabled
130411 16:28:10 InnoDB: Mutexes and rw_locks use Windows interlocked functions
130411 16:28:10 InnoDB: Compressed tables use zlib 1.2.3
130411 16:28:10 InnoDB: Initializing buffer pool, size = 128.0M
130411 16:28:10 InnoDB: Completed initialization of buffer pool
130411 16:28:10 InnoDB: highest supported file format is Barracuda.
130411 16:28:10  InnoDB: Waiting for the background threads to start
130411 16:28:11 Percona XtraDB (http://www.percona.com) 1.1.8-26.0 started; log sequence number 1597938
130411 16:28:11 [Note] Plugin 'FEEDBACK' is disabled.
130411 16:28:11 [Note] Event Scheduler: Loaded 0 events
130411 16:28:11 [Note] C:\Users\joyce\Downloads\Android\workspace\XBRL\TWAMPd\ap\db\mysqld.exe: ready for connections.
Version: '5.5.25-MariaDB'  socket: ''  port: 3306  mariadb.org binary distribution
130411 16:28:35 [Note] C:\Users\joyce\Downloads\Android\workspace\XBRL\TWAMPd\ap\db\mysqld.exe: Normal shutdown

130411 16:28:35 [Note] Event Scheduler: Purging the queue. 0 events
130411 16:28:35  InnoDB: Starting shutdown...
130411 16:28:35  InnoDB: Shutdown completed; log sequence number 1597938
130411 16:28:35 [Note] C:\Users\joyce\Downloads\Android\workspace\XBRL\TWAMPd\ap\db\mysqld.exe: Shutdown complete

130411 16:30:53 InnoDB: The InnoDB memory heap is disabled
130411 16:30:53 InnoDB: Mutexes and rw_locks use Windows interlocked functions
130411 16:30:53 InnoDB: Compressed tables use zlib 1.2.3
130411 16:30:53 InnoDB: Initializing buffer pool, size = 128.0M
130411 16:30:53 InnoDB: Completed initialization of buffer pool
130411 16:30:53 InnoDB: highest supported file format is Barracuda.
130411 16:30:54  InnoDB: Waiting for the background threads to start
130411 16:30:55 Percona XtraDB (http://www.percona.com) 1.1.8-26.0 started; log sequence number 1597938
130411 16:30:55 [Note] Plugin 'FEEDBACK' is disabled.
130411 16:30:55 [Note] Event Scheduler: Loaded 0 events
130411 16:30:55 [Note] C:\Users\joyce\Downloads\Android\workspace\XBRL\TWAMPd\ap\db\mysqld.exe: ready for connections.
Version: '5.5.25-MariaDB'  socket: ''  port: 3306  mariadb.org binary distribution
130411 16:31:10 [Note] C:\Users\joyce\Downloads\Android\workspace\XBRL\TWAMPd\ap\db\mysqld.exe: Normal shutdown

130411 16:31:10 [Note] Event Scheduler: Purging the queue. 0 events
130411 16:31:10  InnoDB: Starting shutdown...
130411 16:31:10  InnoDB: Shutdown completed; log sequence number 1597938
130411 16:31:10 [Note] C:\Users\joyce\Downloads\Android\workspace\XBRL\TWAMPd\ap\db\mysqld.exe: Shutdown complete

130411 16:31:11 InnoDB: The InnoDB memory heap is disabled
130411 16:31:11 InnoDB: Mutexes and rw_locks use Windows interlocked functions
130411 16:31:11 InnoDB: Compressed tables use zlib 1.2.3
130411 16:31:11 InnoDB: Initializing buffer pool, size = 128.0M
130411 16:31:11 InnoDB: Completed initialization of buffer pool
130411 16:31:11 InnoDB: highest supported file format is Barracuda.
130411 16:31:11  InnoDB: Waiting for the background threads to start
130411 16:31:12 Percona XtraDB (http://www.percona.com) 1.1.8-26.0 started; log sequence number 1597938
130411 16:31:12 [Note] Plugin 'FEEDBACK' is disabled.
130411 16:31:12 [Note] Event Scheduler: Loaded 0 events
130411 16:31:12 [Note] C:\Users\joyce\Downloads\Android\workspace\XBRL\TWAMPd\ap\db\mysqld.exe: ready for connections.
Version: '5.5.25-MariaDB'  socket: ''  port: 3306  mariadb.org binary distribution
130411 16:34:00 [Note] C:\Users\joyce\Downloads\Android\workspace\XBRL\TWAMPd\ap\db\mysqld.exe: Normal shutdown

130411 16:34:00 [Note] Event Scheduler: Purging the queue. 0 events
130411 16:34:00  InnoDB: Starting shutdown...
130411 16:34:01  InnoDB: Shutdown completed; log sequence number 1597938
130411 16:34:01 [Note] C:\Users\joyce\Downloads\Android\workspace\XBRL\TWAMPd\ap\db\mysqld.exe: Shutdown complete

130412 16:38:13 InnoDB: The InnoDB memory heap is disabled
130412 16:38:13 InnoDB: Mutexes and rw_locks use Windows interlocked functions
130412 16:38:13 InnoDB: Compressed tables use zlib 1.2.3
130412 16:38:13 InnoDB: Initializing buffer pool, size = 128.0M
130412 16:38:13 InnoDB: Completed initialization of buffer pool
130412 16:38:13 InnoDB: highest supported file format is Barracuda.
130412 16:38:13  InnoDB: Waiting for the background threads to start
130412 16:38:15 Percona XtraDB (http://www.percona.com) 1.1.8-26.0 started; log sequence number 1597938
130412 16:38:15 [Note] Plugin 'FEEDBACK' is disabled.
130412 16:38:15 [Note] Event Scheduler: Loaded 0 events
130412 16:38:15 [Note] C:\Users\joyce\Downloads\Android\workspace\XBRL\TWAMPd\ap\db\mysqld.exe: ready for connections.
Version: '5.5.25-MariaDB'  socket: ''  port: 3306  mariadb.org binary distribution
130412 16:38:25 [Note] C:\Users\joyce\Downloads\Android\workspace\XBRL\TWAMPd\ap\db\mysqld.exe: Normal shutdown

130412 16:38:25 [Note] Event Scheduler: Purging the queue. 0 events
130412 16:38:25  InnoDB: Starting shutdown...
130412 16:38:25  InnoDB: Shutdown completed; log sequence number 1597938
130412 16:38:25 [Note] C:\Users\joyce\Downloads\Android\workspace\XBRL\TWAMPd\ap\db\mysqld.exe: Shutdown complete

130412 16:41:01 InnoDB: The InnoDB memory heap is disabled
130412 16:41:01 InnoDB: Mutexes and rw_locks use Windows interlocked functions
130412 16:41:01 InnoDB: Compressed tables use zlib 1.2.3
130412 16:41:01 InnoDB: Initializing buffer pool, size = 128.0M
130412 16:41:01 InnoDB: Completed initialization of buffer pool
130412 16:41:01 InnoDB: highest supported file format is Barracuda.
130412 16:41:01  InnoDB: Waiting for the background threads to start
130412 16:41:02 Percona XtraDB (http://www.percona.com) 1.1.8-26.0 started; log sequence number 1597938
130412 16:41:02 [Note] Plugin 'FEEDBACK' is disabled.
130412 16:41:02 [Note] Event Scheduler: Loaded 0 events
130412 16:41:02 [Note] C:\Users\joyce\Downloads\Android\workspace\XBRL\TWAMPd\ap\db\mysqld.exe: ready for connections.
Version: '5.5.25-MariaDB'  socket: ''  port: 3306  mariadb.org binary distribution
130412 17:26:18 [Note] C:\Users\joyce\Downloads\Android\workspace\XBRL\TWAMPd\ap\db\mysqld.exe: Normal shutdown

130412 17:26:18 [Note] Event Scheduler: Purging the queue. 0 events
130412 17:26:18  InnoDB: Starting shutdown...
130412 17:26:19  InnoDB: Shutdown completed; log sequence number 1597938
130412 17:26:19 [Note] C:\Users\joyce\Downloads\Android\workspace\XBRL\TWAMPd\ap\db\mysqld.exe: Shutdown complete

130412 17:35:59 InnoDB: The InnoDB memory heap is disabled
130412 17:35:59 InnoDB: Mutexes and rw_locks use Windows interlocked functions
130412 17:35:59 InnoDB: Compressed tables use zlib 1.2.3
130412 17:35:59 InnoDB: Initializing buffer pool, size = 128.0M
130412 17:35:59 InnoDB: Completed initialization of buffer pool
130412 17:35:59 InnoDB: highest supported file format is Barracuda.
130412 17:35:59  InnoDB: Waiting for the background threads to start
130412 17:36:00 Percona XtraDB (http://www.percona.com) 1.1.8-26.0 started; log sequence number 1597938
130412 17:36:00 [Note] Plugin 'FEEDBACK' is disabled.
130412 17:36:00 [Note] Event Scheduler: Loaded 0 events
130412 17:36:00 [Note] C:\Users\joyce\Downloads\Android\workspace\XBRL\TWAMPd\ap\db\mysqld.exe: ready for connections.
Version: '5.5.25-MariaDB'  socket: ''  port: 3306  mariadb.org binary distribution
130412 21:18:42 [Note] C:\Users\joyce\Downloads\Android\workspace\XBRL\TWAMPd\ap\db\mysqld.exe: Normal shutdown

130412 21:18:42 [Note] Event Scheduler: Purging the queue. 0 events
130412 21:18:42  InnoDB: Starting shutdown...
130412 21:18:42  InnoDB: Shutdown completed; log sequence number 1597938
130412 21:18:42 [Note] C:\Users\joyce\Downloads\Android\workspace\XBRL\TWAMPd\ap\db\mysqld.exe: Shutdown complete

130604 13:06:01 InnoDB: The InnoDB memory heap is disabled
130604 13:06:01 InnoDB: Mutexes and rw_locks use Windows interlocked functions
130604 13:06:01 InnoDB: Compressed tables use zlib 1.2.3
130604 13:06:01 InnoDB: Initializing buffer pool, size = 128.0M
130604 13:06:01 InnoDB: Completed initialization of buffer pool
130604 13:06:02 InnoDB: highest supported file format is Barracuda.
130604 13:06:02  InnoDB: Waiting for the background threads to start
130604 13:06:03 Percona XtraDB (http://www.percona.com) 1.1.8-26.0 started; log sequence number 1597938
130604 13:06:03 [Note] Plugin 'FEEDBACK' is disabled.
130604 13:06:03 [Note] Event Scheduler: Loaded 0 events
130604 13:06:03 [Note] C:\Users\joyce\Downloads\workspace\XBRL\TWAMPd\ap\db\mysqld.exe: ready for connections.
Version: '5.5.25-MariaDB'  socket: ''  port: 3306  mariadb.org binary distribution
130604 13:57:09 [Note] C:\Users\joyce\Downloads\workspace\XBRL\TWAMPd\ap\db\mysqld.exe: Normal shutdown

130604 13:57:09 [Note] Event Scheduler: Purging the queue. 0 events
130604 13:57:09  InnoDB: Starting shutdown...
130604 13:57:09  InnoDB: Shutdown completed; log sequence number 1597938
130604 13:57:09 [Note] C:\Users\joyce\Downloads\workspace\XBRL\TWAMPd\ap\db\mysqld.exe: Shutdown complete

130608 23:56:54 InnoDB: The InnoDB memory heap is disabled
130608 23:56:54 InnoDB: Mutexes and rw_locks use Windows interlocked functions
130608 23:56:54 InnoDB: Compressed tables use zlib 1.2.3
130608 23:56:54 InnoDB: Initializing buffer pool, size = 128.0M
130608 23:56:54 InnoDB: Completed initialization of buffer pool
130608 23:56:54 InnoDB: highest supported file format is Barracuda.
130608 23:56:54  InnoDB: Waiting for the background threads to start
130608 23:56:55 Percona XtraDB (http://www.percona.com) 1.1.8-26.0 started; log sequence number 1597938
130608 23:56:55 [Note] Plugin 'FEEDBACK' is disabled.
130608 23:56:56 [Note] Event Scheduler: Loaded 0 events
130608 23:56:56 [Note] C:\Users\joyce\Downloads\workspace\XBRL\TWAMPd\ap\db\mysqld.exe: ready for connections.
Version: '5.5.25-MariaDB'  socket: ''  port: 3306  mariadb.org binary distribution
130609 16:42:22 InnoDB: The InnoDB memory heap is disabled
130609 16:42:22 InnoDB: Mutexes and rw_locks use Windows interlocked functions
130609 16:42:22 InnoDB: Compressed tables use zlib 1.2.3
130609 16:42:22 InnoDB: Initializing buffer pool, size = 128.0M
130609 16:42:22 InnoDB: Completed initialization of buffer pool
130609 16:42:22 InnoDB: highest supported file format is Barracuda.
130609 16:42:22  InnoDB: Waiting for the background threads to start
130609 16:42:23 Percona XtraDB (http://www.percona.com) 1.1.8-26.0 started; log sequence number 1597938
130609 16:42:23 [Note] Plugin 'FEEDBACK' is disabled.
130609 16:42:24 [Note] Event Scheduler: Loaded 0 events
130609 16:42:24 [Note] C:\Users\joyce\Downloads\workspace\XBRL\TWAMPd\ap\db\mysqld.exe: ready for connections.
Version: '5.5.25-MariaDB'  socket: ''  port: 3306  mariadb.org binary distribution
130609 16:44:09 [Note] C:\Users\joyce\Downloads\workspace\XBRL\TWAMPd\ap\db\mysqld.exe: Normal shutdown

130609 16:44:09 [Note] Event Scheduler: Purging the queue. 0 events
130609 16:44:09  InnoDB: Starting shutdown...
130609 16:44:09  InnoDB: Shutdown completed; log sequence number 1597938
130609 16:44:10 [Note] C:\Users\joyce\Downloads\workspace\XBRL\TWAMPd\ap\db\mysqld.exe: Shutdown complete

130613 15:23:54 InnoDB: The InnoDB memory heap is disabled
130613 15:23:54 InnoDB: Mutexes and rw_locks use Windows interlocked functions
130613 15:23:54 InnoDB: Compressed tables use zlib 1.2.3
130613 15:23:54 InnoDB: Initializing buffer pool, size = 128.0M
130613 15:23:54 InnoDB: Completed initialization of buffer pool
130613 15:23:55 InnoDB: highest supported file format is Barracuda.
130613 15:23:55  InnoDB: Waiting for the background threads to start
130613 15:23:56 Percona XtraDB (http://www.percona.com) 1.1.8-26.0 started; log sequence number 1597938
130613 15:23:56 [Note] Plugin 'FEEDBACK' is disabled.
130613 15:23:56 [Note] Event Scheduler: Loaded 0 events
130613 15:23:56 [Note] C:\Users\joyce\Downloads\workspace\XBRL\TWAMPd\ap\db\mysqld.exe: ready for connections.
Version: '5.5.25-MariaDB'  socket: ''  port: 3306  mariadb.org binary distribution
130613 15:26:04 [Note] C:\Users\joyce\Downloads\workspace\XBRL\TWAMPd\ap\db\mysqld.exe: Normal shutdown

130613 15:26:04 [Note] Event Scheduler: Purging the queue. 0 events
130613 15:26:04  InnoDB: Starting shutdown...
130613 15:26:05  InnoDB: Shutdown completed; log sequence number 1597938
130613 15:26:05 [Note] C:\Users\joyce\Downloads\workspace\XBRL\TWAMPd\ap\db\mysqld.exe: Shutdown complete

130613 15:26:46 InnoDB: The InnoDB memory heap is disabled
130613 15:26:46 InnoDB: Mutexes and rw_locks use Windows interlocked functions
130613 15:26:46 InnoDB: Compressed tables use zlib 1.2.3
130613 15:26:46 InnoDB: Initializing buffer pool, size = 128.0M
130613 15:26:46 InnoDB: Completed initialization of buffer pool
130613 15:26:46 InnoDB: highest supported file format is Barracuda.
130613 15:26:46  InnoDB: Waiting for the background threads to start
130613 15:26:47 Percona XtraDB (http://www.percona.com) 1.1.8-26.0 started; log sequence number 1597938
130613 15:26:47 [Note] Plugin 'FEEDBACK' is disabled.
130613 15:26:47 [Note] Event Scheduler: Loaded 0 events
130613 15:26:47 [Note] C:\Users\joyce\Downloads\workspace\XBRL\TWAMPd\ap\db\mysqld.exe: ready for connections.
Version: '5.5.25-MariaDB'  socket: ''  port: 3306  mariadb.org binary distribution
130619 19:05:59 InnoDB: The InnoDB memory heap is disabled
130619 19:05:59 InnoDB: Mutexes and rw_locks use Windows interlocked functions
130619 19:05:59 InnoDB: Compressed tables use zlib 1.2.3
130619 19:06:00 InnoDB: Initializing buffer pool, size = 128.0M
130619 19:06:00 InnoDB: Completed initialization of buffer pool
130619 19:06:00 InnoDB: highest supported file format is Barracuda.
130619 19:06:00  InnoDB: Waiting for the background threads to start
130619 19:06:01 Percona XtraDB (http://www.percona.com) 1.1.8-26.0 started; log sequence number 1597938
130619 19:06:01 [Note] Plugin 'FEEDBACK' is disabled.
130619 19:06:01 [Note] Event Scheduler: Loaded 0 events
130619 19:06:01 [Note] C:\Users\joyce\Downloads\workspace\XBRL\TWAMPd\ap\db\mysqld.exe: ready for connections.
Version: '5.5.25-MariaDB'  socket: ''  port: 3306  mariadb.org binary distribution
130620 15:27:39 InnoDB: The InnoDB memory heap is disabled
130620 15:27:39 InnoDB: Mutexes and rw_locks use Windows interlocked functions
130620 15:27:39 InnoDB: Compressed tables use zlib 1.2.3
130620 15:27:39 InnoDB: Initializing buffer pool, size = 128.0M
130620 15:27:39 InnoDB: Completed initialization of buffer pool
130620 15:27:39 InnoDB: highest supported file format is Barracuda.
130620 15:27:39  InnoDB: Waiting for the background threads to start
130620 15:27:40 Percona XtraDB (http://www.percona.com) 1.1.8-26.0 started; log sequence number 1597938
130620 15:27:40 [Note] Plugin 'FEEDBACK' is disabled.
130620 15:27:41 [Note] Event Scheduler: Loaded 0 events
130620 15:27:41 [Note] C:\Users\joyce\Downloads\workspace\XBRL\TWAMPd\ap\db\mysqld.exe: ready for connections.
Version: '5.5.25-MariaDB'  socket: ''  port: 3306  mariadb.org binary distribution
130620 21:38:56 InnoDB: The InnoDB memory heap is disabled
130620 21:38:56 InnoDB: Mutexes and rw_locks use Windows interlocked functions
130620 21:38:56 InnoDB: Compressed tables use zlib 1.2.3
130620 21:38:56 InnoDB: Initializing buffer pool, size = 128.0M
130620 21:38:56 InnoDB: Completed initialization of buffer pool
130620 21:38:56 InnoDB: highest supported file format is Barracuda.
130620 21:38:56  InnoDB: Waiting for the background threads to start
130620 21:38:57 Percona XtraDB (http://www.percona.com) 1.1.8-26.0 started; log sequence number 1597938
130620 21:38:57 [Note] Plugin 'FEEDBACK' is disabled.
130620 21:38:57 [Note] Event Scheduler: Loaded 0 events
130620 21:38:57 [Note] C:\Users\joyce\Downloads\workspace\XBRL\TWAMPd\ap\db\mysqld.exe: ready for connections.
Version: '5.5.25-MariaDB'  socket: ''  port: 3306  mariadb.org binary distribution
130621 12:46:54 InnoDB: The InnoDB memory heap is disabled
130621 12:46:54 InnoDB: Mutexes and rw_locks use Windows interlocked functions
130621 12:46:54 InnoDB: Compressed tables use zlib 1.2.3
130621 12:46:54 InnoDB: Initializing buffer pool, size = 128.0M
130621 12:46:54 InnoDB: Completed initialization of buffer pool
130621 12:46:54 InnoDB: highest supported file format is Barracuda.
130621 12:46:54  InnoDB: Waiting for the background threads to start
130621 12:46:55 Percona XtraDB (http://www.percona.com) 1.1.8-26.0 started; log sequence number 1597938
130621 12:46:55 [Note] Plugin 'FEEDBACK' is disabled.
130621 12:46:56 [Note] Event Scheduler: Loaded 0 events
130621 12:46:56 [Note] C:\Users\joyce\Downloads\workspace\XBRL\TWAMPd\ap\db\mysqld.exe: ready for connections.
Version: '5.5.25-MariaDB'  socket: ''  port: 3306  mariadb.org binary distribution
130621 13:05:30 [Note] C:\Users\joyce\Downloads\workspace\XBRL\TWAMPd\ap\db\mysqld.exe: Normal shutdown

130621 13:05:30 [Note] Event Scheduler: Purging the queue. 0 events
130621 13:05:30  InnoDB: Starting shutdown...
130621 13:05:30  InnoDB: Shutdown completed; log sequence number 1597938
130621 13:05:30 [Note] C:\Users\joyce\Downloads\workspace\XBRL\TWAMPd\ap\db\mysqld.exe: Shutdown complete

130621 13:06:29 InnoDB: The InnoDB memory heap is disabled
130621 13:06:29 InnoDB: Mutexes and rw_locks use Windows interlocked functions
130621 13:06:29 InnoDB: Compressed tables use zlib 1.2.3
130621 13:06:29 InnoDB: Initializing buffer pool, size = 128.0M
130621 13:06:29 InnoDB: Completed initialization of buffer pool
130621 13:06:30 InnoDB: highest supported file format is Barracuda.
130621 13:06:30  InnoDB: Waiting for the background threads to start
130621 13:06:31 Percona XtraDB (http://www.percona.com) 1.1.8-26.0 started; log sequence number 1597938
130621 13:06:31 [Note] Plugin 'FEEDBACK' is disabled.
130621 13:06:31 [Note] Event Scheduler: Loaded 0 events
130621 13:06:31 [Note] C:\Users\joyce\Downloads\workspace\XBRL\TWAMPd\ap\db\mysqld.exe: ready for connections.
Version: '5.5.25-MariaDB'  socket: ''  port: 3306  mariadb.org binary distribution
130621 13:18:54 [Note] C:\Users\joyce\Downloads\workspace\XBRL\TWAMPd\ap\db\mysqld.exe: Normal shutdown

130621 13:18:54 [Note] Event Scheduler: Purging the queue. 0 events
130621 13:18:54  InnoDB: Starting shutdown...
130621 13:18:55  InnoDB: Shutdown completed; log sequence number 1597938
130621 13:18:55 [Note] C:\Users\joyce\Downloads\workspace\XBRL\TWAMPd\ap\db\mysqld.exe: Shutdown complete

130621 13:18:55 InnoDB: The InnoDB memory heap is disabled
130621 13:18:55 InnoDB: Mutexes and rw_locks use Windows interlocked functions
130621 13:18:55 InnoDB: Compressed tables use zlib 1.2.3
130621 13:18:55 InnoDB: Initializing buffer pool, size = 128.0M
130621 13:18:55 InnoDB: Completed initialization of buffer pool
130621 13:18:55 InnoDB: highest supported file format is Barracuda.
130621 13:18:56  InnoDB: Waiting for the background threads to start
130621 13:18:57 Percona XtraDB (http://www.percona.com) 1.1.8-26.0 started; log sequence number 1597938
130621 13:18:57 [Note] Plugin 'FEEDBACK' is disabled.
130621 13:18:57 [Note] Event Scheduler: Loaded 0 events
130621 13:18:57 [Note] C:\Users\joyce\Downloads\workspace\XBRL\TWAMPd\ap\db\mysqld.exe: ready for connections.
Version: '5.5.25-MariaDB'  socket: ''  port: 3306  mariadb.org binary distribution
130621 13:41:32 [Note] C:\Users\joyce\Downloads\workspace\XBRL\TWAMPd\ap\db\mysqld.exe: Normal shutdown

130621 13:41:32 [Note] Event Scheduler: Purging the queue. 0 events
130621 13:41:32  InnoDB: Starting shutdown...
130621 13:41:33  InnoDB: Shutdown completed; log sequence number 1597938
130621 13:41:33 [Note] C:\Users\joyce\Downloads\workspace\XBRL\TWAMPd\ap\db\mysqld.exe: Shutdown complete

130621 14:21:43 InnoDB: The InnoDB memory heap is disabled
130621 14:21:43 InnoDB: Mutexes and rw_locks use Windows interlocked functions
130621 14:21:43 InnoDB: Compressed tables use zlib 1.2.3
130621 14:21:43 InnoDB: Initializing buffer pool, size = 128.0M
130621 14:21:43 InnoDB: Completed initialization of buffer pool
130621 14:21:43 InnoDB: highest supported file format is Barracuda.
130621 14:21:43  InnoDB: Waiting for the background threads to start
130621 14:21:44 Percona XtraDB (http://www.percona.com) 1.1.8-26.0 started; log sequence number 1597938
130621 14:21:44 [Note] Plugin 'FEEDBACK' is disabled.
130621 14:21:44 [Note] Event Scheduler: Loaded 0 events
130621 14:21:44 [Note] C:\Users\joyce\Downloads\workspace\XBRL\TWAMPd\ap\db\mysqld.exe: ready for connections.
Version: '5.5.25-MariaDB'  socket: ''  port: 3306  mariadb.org binary distribution
130621 14:49:14 [Note] C:\Users\joyce\Downloads\workspace\XBRL\TWAMPd\ap\db\mysqld.exe: Normal shutdown

130621 14:49:14 [Note] Event Scheduler: Purging the queue. 0 events
130621 14:49:14  InnoDB: Starting shutdown...
130621 14:49:15  InnoDB: Shutdown completed; log sequence number 1597938
130621 14:49:15 [Note] C:\Users\joyce\Downloads\workspace\XBRL\TWAMPd\ap\db\mysqld.exe: Shutdown complete

130628 19:39:54 InnoDB: The InnoDB memory heap is disabled
130628 19:39:54 InnoDB: Mutexes and rw_locks use Windows interlocked functions
130628 19:39:54 InnoDB: Compressed tables use zlib 1.2.3
130628 19:39:55 InnoDB: Initializing buffer pool, size = 128.0M
130628 19:39:55 InnoDB: Completed initialization of buffer pool
130628 19:39:55 InnoDB: highest supported file format is Barracuda.
130628 19:39:56  InnoDB: Waiting for the background threads to start
130628 19:39:57 Percona XtraDB (http://www.percona.com) 1.1.8-26.0 started; log sequence number 1597938
130628 19:39:57 [Note] Plugin 'FEEDBACK' is disabled.
130628 19:39:58 [Note] Event Scheduler: Loaded 0 events
130628 19:39:58 [Note] G:\XBRL\XBRL\TWAMPd\ap\db\mysqld.exe: ready for connections.
Version: '5.5.25-MariaDB'  socket: ''  port: 3306  mariadb.org binary distribution
130628 19:40:26 [Note] G:\XBRL\XBRL\TWAMPd\ap\db\mysqld.exe: Normal shutdown

130628 19:40:26 [Note] Event Scheduler: Purging the queue. 0 events
130628 19:40:26  InnoDB: Starting shutdown...
130628 19:40:26  InnoDB: Shutdown completed; log sequence number 1597938
130628 19:40:26 [Note] G:\XBRL\XBRL\TWAMPd\ap\db\mysqld.exe: Shutdown complete

