130317 13:06:49 InnoDB: The InnoDB memory heap is disabled
130317 13:06:49 InnoDB: Mutexes and rw_locks use Windows interlocked functions
130317 13:06:49 InnoDB: Compressed tables use zlib 1.2.3
130317 13:06:49 InnoDB: Initializing buffer pool, size = 128.0M
130317 13:06:49 InnoDB: Completed initialization of buffer pool
InnoDB: The first specified data file .\ibdata1 did not exist:
InnoDB: a new database to be created!
130317 13:06:49  InnoDB: Setting file .\ibdata1 size to 50 MB
InnoDB: Database physically writes the file full: wait...
130317 13:06:50  InnoDB: Log file .\ib_logfile0 did not exist: new to be created
InnoDB: Setting log file .\ib_logfile0 size to 50 MB
InnoDB: Database physically writes the file full: wait...
130317 13:06:51  InnoDB: Log file .\ib_logfile1 did not exist: new to be created
InnoDB: Setting log file .\ib_logfile1 size to 50 MB
InnoDB: Database physically writes the file full: wait...
InnoDB: Doublewrite buffer not found: creating new
InnoDB: Doublewrite buffer created
InnoDB: 127 rollback segment(s) active.
InnoDB: Creating foreign key constraint system tables
InnoDB: Foreign key constraint system tables created
130317 13:06:53  InnoDB: Waiting for the background threads to start
130317 13:06:54 Percona XtraDB (http://www.percona.com) 1.1.8-26.0 started; log sequence number 0
130317 13:06:54 [Note] Plugin 'FEEDBACK' is disabled.
130317 13:06:54 [Note] Event Scheduler: Loaded 0 events
130317 13:06:54 [Note] C:\TWAMPd\ap\db\mysqld.exe: ready for connections.
Version: '5.5.25-MariaDB'  socket: ''  port: 3306  mariadb.org binary distribution
130317 15:44:03 [Note] C:\TWAMPd\ap\db\mysqld.exe: Normal shutdown

130317 15:44:03 [Note] Event Scheduler: Purging the queue. 0 events
130317 15:44:03  InnoDB: Starting shutdown...
130317 15:44:03  InnoDB: Shutdown completed; log sequence number 1597938
130317 15:44:03 [Note] C:\TWAMPd\ap\db\mysqld.exe: Shutdown complete

130317 15:46:56 InnoDB: The InnoDB memory heap is disabled
130317 15:46:56 InnoDB: Mutexes and rw_locks use Windows interlocked functions
130317 15:46:56 InnoDB: Compressed tables use zlib 1.2.3
130317 15:46:56 InnoDB: Initializing buffer pool, size = 128.0M
130317 15:46:56 InnoDB: Completed initialization of buffer pool
130317 15:46:56 InnoDB: highest supported file format is Barracuda.
130317 15:46:56  InnoDB: Waiting for the background threads to start
130317 15:46:57 Percona XtraDB (http://www.percona.com) 1.1.8-26.0 started; log sequence number 1597938
130317 15:46:57 [Note] Plugin 'FEEDBACK' is disabled.
130317 15:46:57 [Note] Event Scheduler: Loaded 0 events
130317 15:46:57 [Note] C:\Users\ray\workspace\XBRL\TWAMPd\ap\db\mysqld.exe: ready for connections.
Version: '5.5.25-MariaDB'  socket: ''  port: 3306  mariadb.org binary distribution
130317 16:57:22 [Note] C:\Users\ray\workspace\XBRL\TWAMPd\ap\db\mysqld.exe: Normal shutdown

130317 16:57:22 [Note] Event Scheduler: Purging the queue. 0 events
130317 16:57:22  InnoDB: Starting shutdown...
130317 16:57:23  InnoDB: Shutdown completed; log sequence number 1597938
130317 16:57:23 [Note] C:\Users\ray\workspace\XBRL\TWAMPd\ap\db\mysqld.exe: Shutdown complete

